<?xml version="1.0" encoding="UTF-8"?>
<!-- Generated by org.testng.reporters.JUnitReportReporter -->
<testsuite hostname="ITEM-A25299" name="com.jramberg.maxweighttest.MaxWeightTest" tests="8" failures="0" timestamp="24 Nov 2014 02:58:28 GMT" time="0.017" errors="0">
  <testcase name="testMaxEmptyArray" time="0.012" classname="com.jramberg.maxweighttest.MaxWeightTest"/>
  <testcase name="testMaxWeightOddRightMiddle" time="0.001" classname="com.jramberg.maxweighttest.MaxWeightTest"/>
  <testcase name="testMaxWeightEvenLeft" time="0.001" classname="com.jramberg.maxweighttest.MaxWeightTest"/>
  <testcase name="testMaxWeightEvenRight" time="0.001" classname="com.jramberg.maxweighttest.MaxWeightTest"/>
  <testcase name="testMaxWeightOddRight" time="0.001" classname="com.jramberg.maxweighttest.MaxWeightTest"/>
  <testcase name="testMaxWeightOddLeft" time="0.001" classname="com.jramberg.maxweighttest.MaxWeightTest"/>
  <testcase name="testMaxWeightOddMiddle" time="0.000" classname="com.jramberg.maxweighttest.MaxWeightTest"/>
  <testcase name="testMaxOneBall" time="0.000" classname="com.jramberg.maxweighttest.MaxWeightTest"/>
</testsuite> <!-- com.jramberg.maxweighttest.MaxWeightTest -->
