<?xml version="1.0" encoding="UTF-8" ?>
<testsuite failures="0" time="0.375" errors="0" skipped="0" tests="8" name="com.jramberg.maxweighttest.MaxWeightTest">
  <properties>
    <property name="java.runtime.name" value="Java(TM) SE Runtime Environment"/>
    <property name="sun.boot.library.path" value="C:\Program Files\Java\jdk1.7.0_13\jre\bin"/>
    <property name="java.vm.version" value="23.7-b01"/>
    <property name="java.vm.vendor" value="Oracle Corporation"/>
    <property name="java.vendor.url" value="http://java.oracle.com/"/>
    <property name="path.separator" value=";"/>
    <property name="guice.disable.misplaced.annotation.check" value="true"/>
    <property name="java.vm.name" value="Java HotSpot(TM) 64-Bit Server VM"/>
    <property name="file.encoding.pkg" value="sun.io"/>
    <property name="user.script" value=""/>
    <property name="user.country" value="US"/>
    <property name="sun.java.launcher" value="SUN_STANDARD"/>
    <property name="sun.os.patch.level" value="Service Pack 1"/>
    <property name="java.vm.specification.name" value="Java Virtual Machine Specification"/>
    <property name="user.dir" value="C:\Users\jramberg\workspace\vlocity"/>
    <property name="java.runtime.version" value="1.7.0_13-b20"/>
    <property name="java.awt.graphicsenv" value="sun.awt.Win32GraphicsEnvironment"/>
    <property name="java.endorsed.dirs" value="C:\Program Files\Java\jdk1.7.0_13\jre\lib\endorsed"/>
    <property name="os.arch" value="amd64"/>
    <property name="java.io.tmpdir" value="C:\Users\jramberg\AppData\Local\Temp\"/>
    <property name="line.separator" value="
"/>
    <property name="java.vm.specification.vendor" value="Oracle Corporation"/>
    <property name="user.variant" value=""/>
    <property name="os.name" value="Windows 7"/>
    <property name="classworlds.conf" value="C:\Users\jramberg\workspace\.metadata\.plugins\org.eclipse.m2e.launching\launches\m2conf9066359344512677509.tmp"/>
    <property name="sun.jnu.encoding" value="Cp1252"/>
    <property name="java.library.path" value="C:\Program Files\Java\jdk1.7.0_13\bin;C:\windows\Sun\Java\bin;C:\windows\system32;C:\windows;C:/Program Files/Java/jdk1.7.0_13/bin/../jre/bin/server;C:/Program Files/Java/jdk1.7.0_13/bin/../jre/bin;C:/Program Files/Java/jdk1.7.0_13/bin/../jre/lib/amd64;C:\Perl64\site\bin;C:\Perl64\bin;C:\windows\system32;C:\windows;C:\windows\System32\Wbem;C:\windows\System32\WindowsPowerShell\v1.0\;C:\Program Files\WIDCOMM\Bluetooth Software\;C:\Program Files\WIDCOMM\Bluetooth Software\syswow64;C:\MongoDB\mongodb-win32-x86_64-2.2.3\bin;C:\apache\apache-maven-3.0.4\bin;C:\Program Files\Java\jdk1.7.0_13\bin;C:\Python27;C:\Python27\Scripts;C:\Joget-v3\mysql-5.0.22-win32\bin;C:\Program Files\TortoiseSVN\bin;C:\Program Files\cURL\bin;C:\Program Files\Axway\VA\tools;C:\Program Files\Tumbleweed\Desktop Validator\;C:\Program Files\Tumbleweed\Desktop Validator\x86;C:\Program Files\Java\jdk1.7.0_13\bin;C:\Program Files\Java\jdk1.7.0_13\bin;C:\ProgramData\Oracle\Java\javapath;C:\Program Files (x86)\QuickTime\QTSystem\;C:\RailsInstaller\Ruby1.9.3\bin;C:\RailsInstaller\Git\cmd;C:\RailsInstaller\Ruby1.9.3\bin;C:\Program Files (x86)\Mozilla Firefox;C:\windows\system32;C:\windows;C:\windows\System32\Wbem;C:\windows\System32\WindowsPowerShell\v1.0\;C:\Program Files\WIDCOMM\Bluetooth Software\;C:\Program Files\WIDCOMM\Bluetooth Software\syswow64;C:\Program Files (x86)\QuickTime\QTSystem\;C:\Program Files\TortoiseSVN\bin;C:\MongoDB\mongodb-win32-x86_64-2.2.3\bin;C:\apache\apache-maven-3.0.4\bin;C:\Program Files\Java\jdk1.7.0_13\bin;C:\Users\jramberg\AppData\Local\Programs\Git\cmd;C:\Program Files (x86)\IDM Computer Solutions\UltraEdit\;C:\cygwin64\home\jramberg\usr\bin;C:\Eclipse-java-kepler-SR1-win32-x86_64\eclipse;;."/>
    <property name="java.specification.name" value="Java Platform API Specification"/>
    <property name="java.class.version" value="51.0"/>
    <property name="sun.management.compiler" value="HotSpot 64-Bit Tiered Compilers"/>
    <property name="os.version" value="6.1"/>
    <property name="user.home" value="C:\Users\jramberg"/>
    <property name="user.timezone" value="America/Los_Angeles"/>
    <property name="java.awt.printerjob" value="sun.awt.windows.WPrinterJob"/>
    <property name="java.specification.version" value="1.7"/>
    <property name="file.encoding" value="Cp1252"/>
    <property name="user.name" value="jramberg"/>
    <property name="java.class.path" value="/C:/Eclipse-java-kepler-SR1-win32-x86_64/eclipse/configuration/org.eclipse.osgi/bundles/231/1/.cp/jars/plexus-classworlds-2.4.jar"/>
    <property name="java.vm.specification.version" value="1.7"/>
    <property name="sun.arch.data.model" value="64"/>
    <property name="java.home" value="C:\Program Files\Java\jdk1.7.0_13\jre"/>
    <property name="sun.java.command" value="org.codehaus.plexus.classworlds.launcher.Launcher -B test"/>
    <property name="java.specification.vendor" value="Oracle Corporation"/>
    <property name="user.language" value="en"/>
    <property name="awt.toolkit" value="sun.awt.windows.WToolkit"/>
    <property name="java.vm.info" value="mixed mode"/>
    <property name="java.version" value="1.7.0_13"/>
    <property name="java.ext.dirs" value="C:\Program Files\Java\jdk1.7.0_13\jre\lib\ext;C:\windows\Sun\Java\lib\ext"/>
    <property name="sun.boot.class.path" value="C:\Program Files\Java\jdk1.7.0_13\jre\lib\resources.jar;C:\Program Files\Java\jdk1.7.0_13\jre\lib\rt.jar;C:\Program Files\Java\jdk1.7.0_13\jre\lib\sunrsasign.jar;C:\Program Files\Java\jdk1.7.0_13\jre\lib\jsse.jar;C:\Program Files\Java\jdk1.7.0_13\jre\lib\jce.jar;C:\Program Files\Java\jdk1.7.0_13\jre\lib\charsets.jar;C:\Program Files\Java\jdk1.7.0_13\jre\lib\jfr.jar;C:\Program Files\Java\jdk1.7.0_13\jre\classes"/>
    <property name="java.vendor" value="Oracle Corporation"/>
    <property name="maven.home" value="C:\Users\jramberg\workspace\vlocity\EMBEDDED"/>
    <property name="file.separator" value="\"/>
    <property name="java.vendor.url.bug" value="http://bugreport.sun.com/bugreport/"/>
    <property name="maven.bootclasspath" value="/C:/Eclipse-java-kepler-SR1-win32-x86_64/eclipse/configuration/org.eclipse.osgi/bundles/231/1/.cp/jars/plexus-classworlds-2.4.jar"/>
    <property name="sun.cpu.endian" value="little"/>
    <property name="sun.io.unicode.encoding" value="UnicodeLittle"/>
    <property name="sun.desktop" value="windows"/>
    <property name="sun.cpu.isalist" value="amd64"/>
  </properties>
  <testcase time="0.009" classname="com.jramberg.maxweighttest.MaxWeightTest" name="testMaxEmptyArray"/>
  <testcase time="0" classname="com.jramberg.maxweighttest.MaxWeightTest" name="testMaxOneBall"/>
  <testcase time="0.001" classname="com.jramberg.maxweighttest.MaxWeightTest" name="testMaxWeightEvenLeft"/>
  <testcase time="0.001" classname="com.jramberg.maxweighttest.MaxWeightTest" name="testMaxWeightEvenRight"/>
  <testcase time="0.001" classname="com.jramberg.maxweighttest.MaxWeightTest" name="testMaxWeightOddLeft"/>
  <testcase time="0" classname="com.jramberg.maxweighttest.MaxWeightTest" name="testMaxWeightOddMiddle"/>
  <testcase time="0" classname="com.jramberg.maxweighttest.MaxWeightTest" name="testMaxWeightOddRight"/>
  <testcase time="0" classname="com.jramberg.maxweighttest.MaxWeightTest" name="testMaxWeightOddRightMiddle"/>
</testsuite>